/Library/Developer/CommandLineTools/usr/bin/python3: can't open file '/Users/pingfan/Desktop/AK/Toutiao_hot/scrape.py': [Errno 1] Operation not permitted
/Library/Developer/CommandLineTools/usr/bin/python3: can't open file '/Users/pingfan/Desktop/AK/Toutiao_hot/scrape.py': [Errno 1] Operation not permitted
/Library/Developer/CommandLineTools/usr/bin/python3: can't open file '/Users/pingfan/Desktop/AK/Toutiao_hot/scrape.py': [Errno 1] Operation not permitted
/Library/Developer/CommandLineTools/usr/bin/python3: can't open file '/Users/pingfan/Desktop/AK/Toutiao_hot/scrape.py': [Errno 1] Operation not permitted
/Library/Developer/CommandLineTools/usr/bin/python3: can't open file '/Users/pingfan/Desktop/AK/Toutiao_hot/scrape.py': [Errno 1] Operation not permitted
/Library/Developer/CommandLineTools/usr/bin/python3: can't open file '/Users/pingfan/Desktop/AK/Toutiao_hot/scrape.py': [Errno 1] Operation not permitted
/bin/zsh: can't open input file: /Users/pingfan/Desktop/AK/Toutiao_hot/run.sh
[main dd61718] 抓取 2026-04-06 16:07 | 54条 | 相关8条
 Committer: pingfan <pingfan@pingfans-Mac-Studio.local>
Your name and email address were configured automatically based
on your username and hostname. Please check that they are accurate.
You can suppress this message by setting them explicitly:

    git config --global user.name "Your Name"
    git config --global user.email you@example.com

After doing this, you may fix the identity used for this commit with:

    git commit --amend --reset-author

 3 files changed, 77 insertions(+), 1 deletion(-)
To github.com:pingfanfan/Toutiao_hot.git
   eeec6f1..dd61718  HEAD -> main
[2026-04-06 16:07:23.225647] 开始抓取...
✓ 共 54 条，科技/AI/教育相关 8 条
     母亲不知儿子去世跟AI儿子聊了1年 (科技榜第2名) 阅读208.3万
     AI行业格局何时会定型 (科技榜第17名) 阅读33.8万
     别让“AI起跑线”变收割家长的焦虑线 (教育榜第15名) 阅读1,543
     如何避免过度使用AI造成“脑损伤” (科技榜第40名) 阅读369
     GPT-6要来了吗 (热榜第34名) 阅读2.6万
     AI在科学研究中的角色“转变”背后 (科技榜第50名) 阅读3.1万
     6G进入倒计时 (热榜第37名) 阅读4.5万
     旧手机回收调查：芯片真能再利用吗 (热榜第44名) 阅读3,025
  （无新增相关话题）
✓ GitHub Issue 通知已发送
✓ 已保存并推送：data/2026-04-06.md
[main b402a5e] 抓取 2026-04-06 18:00 | 66条 | 相关8条
 Committer: pingfan <pingfan@pingfans-Mac-Studio.local>
Your name and email address were configured automatically based
on your username and hostname. Please check that they are accurate.
You can suppress this message by setting them explicitly:

    git config --global user.name "Your Name"
    git config --global user.email you@example.com

After doing this, you may fix the identity used for this commit with:

    git commit --amend --reset-author

 4 files changed, 118 insertions(+), 1 deletion(-)
To github.com:pingfanfan/Toutiao_hot.git
   dd61718..b402a5e  HEAD -> main
[2026-04-06 18:00:00.365962] 开始抓取...
✓ 共 66 条，科技/AI/教育相关 8 条
     母亲不知儿子去世跟AI儿子聊了1年 (科技榜第1名) 阅读220.3万
     AI行业格局何时会定型 (科技榜第18名) 阅读37.3万
     GPT-6要来了吗 (科技榜第41名) 阅读2.8万
     如何避免过度使用AI造成“脑损伤” (科技榜第44名) 阅读839
     AI在科学研究中的角色“转变”背后 (热榜第34名) 阅读3.2万
     旧手机回收调查：芯片真能再利用吗 (热榜第45名) 阅读3,122
     别让“AI起跑线”变收割家长的焦虑线 (热榜第48名) 阅读1,904
  ★ 新增 伊朗30所大学先后遭袭 (国际榜第40名) 阅读682.6万

★ 发现 1 个新话题，触发 /write-all...
  → 触发写作：伊朗30所大学先后遭袭
✓ GitHub Issue 通知已发送
✓ 已保存并推送：data/2026-04-06.md
[main a14bbd8] 抓取 2026-04-06 20:00 | 65条 | 相关8条
 Committer: pingfan <pingfan@pingfans-Mac-Studio.local>
Your name and email address were configured automatically based
on your username and hostname. Please check that they are accurate.
You can suppress this message by setting them explicitly:

    git config --global user.name "Your Name"
    git config --global user.email you@example.com

After doing this, you may fix the identity used for this commit with:

    git commit --amend --reset-author

 4 files changed, 119 insertions(+), 1 deletion(-)
To github.com:pingfanfan/Toutiao_hot.git
   b402a5e..a14bbd8  HEAD -> main
[2026-04-06 20:00:00.565764] 开始抓取...
✓ 共 65 条，科技/AI/教育相关 8 条
     母亲不知儿子去世跟AI儿子聊了1年 (科技榜第1名) 阅读224.4万
     AI行业格局何时会定型 (科技榜第18名) 阅读38.8万
     GPT-6要来了吗 (科技榜第48名) 阅读3.0万
     如何避免过度使用AI造成“脑损伤” (热榜第27名) 阅读1,016
     AI在科学研究中的角色“转变”背后 (热榜第29名) 阅读3.3万
     别让“AI起跑线”变收割家长的焦虑线 (教育榜第45名) 阅读1,932
  ★ 新增 6G进入倒计时 (热榜第53名) 阅读4.9万
     伊朗30所大学先后遭袭 (国际榜第27名) 阅读753.2万

★ 发现 1 个新话题，触发 /write-all...
  → 触发写作：6G进入倒计时
✓ GitHub Issue 通知已发送
✓ 已保存并推送：data/2026-04-06.md
[main ca60bcb] 抓取 2026-04-06 22:00 | 66条 | 相关9条
 Committer: pingfan <pingfan@pingfans-Mac-Studio.local>
Your name and email address were configured automatically based
on your username and hostname. Please check that they are accurate.
You can suppress this message by setting them explicitly:

    git config --global user.name "Your Name"
    git config --global user.email you@example.com

After doing this, you may fix the identity used for this commit with:

    git commit --amend --reset-author

 4 files changed, 121 insertions(+), 1 deletion(-)
To github.com:pingfanfan/Toutiao_hot.git
   a14bbd8..ca60bcb  HEAD -> main
[2026-04-06 22:00:00.585655] 开始抓取...
✓ 共 66 条，科技/AI/教育相关 9 条
     母亲不知儿子去世跟AI儿子聊了1年 (科技榜第3名) 阅读226.9万
     AI行业格局何时会定型 (科技榜第19名) 阅读40.0万
     GPT-6要来了吗 (科技榜第50名) 阅读3.1万
     6G进入倒计时 (热榜第35名) 阅读4.9万
     AI在科学研究中的角色“转变”背后 (热榜第37名) 阅读3.4万
     如何避免过度使用AI造成“脑损伤” (热榜第38名) 阅读1,117
     别让“AI起跑线”变收割家长的焦虑线 (热榜第48名) 阅读1,944
  ★ 新增 旧手机回收调查：芯片真能再利用吗 (热榜第51名) 阅读3,238
     伊朗30所大学先后遭袭 (国际榜第37名) 阅读792.0万

★ 发现 1 个新话题，触发 /write-all...
  → 触发写作：旧手机回收调查：芯片真能再利用吗
✓ GitHub Issue 通知已发送
✓ 已保存并推送：data/2026-04-06.md
[main f852586] 抓取 2026-04-07 00:00 | 63条 | 相关9条
 Committer: pingfan <pingfan@pingfans-Mac-Studio.local>
Your name and email address were configured automatically based
on your username and hostname. Please check that they are accurate.
You can suppress this message by setting them explicitly:

    git config --global user.name "Your Name"
    git config --global user.email you@example.com

After doing this, you may fix the identity used for this commit with:

    git commit --amend --reset-author

 4 files changed, 120 insertions(+), 1 deletion(-)
 create mode 100644 data/2026-04-07.md
To github.com:pingfanfan/Toutiao_hot.git
   ca60bcb..f852586  HEAD -> main
[2026-04-07 00:00:01.271710] 开始抓取...
✓ 共 63 条，科技/AI/教育相关 9 条
     母亲不知儿子去世跟AI儿子聊了1年 (科技榜第1名) 阅读234.7万
     AI行业格局何时会定型 (科技榜第13名) 阅读44.2万
     GPT-6要来了吗 (科技榜第47名) 阅读3.3万
     AI在科学研究中的角色“转变”背后 (热榜第34名) 阅读3.5万
     6G进入倒计时 (热榜第36名) 阅读5.0万
     旧手机回收调查：芯片真能再利用吗 (热榜第44名) 阅读3,316
     别让“AI起跑线”变收割家长的焦虑线 (热榜第49名) 阅读1,950
     如何避免过度使用AI造成“脑损伤” (热榜第54名) 阅读1,379
     伊朗30所大学先后遭袭 (国际榜第45名) 阅读873.0万
  （无新增相关话题）
✓ GitHub Issue 通知已发送
✓ 已保存并推送：data/2026-04-07.md
